Processing beacon (platform: espressif32; board: esp32dev; framework: arduino)
--------------------------------------------------------------------------------
Verbose mode can be enabled via `-v, --verbose` option
CONFIGURATION: https://docs.platformio.org/page/boards/espressif32/esp32dev.html
PLATFORM: Espressif 32 (55.3.35) > Espressif ESP32 Dev Module
HARDWARE: ESP32 240MHz, 320KB RAM, 4MB Flash
DEBUG: Current (cmsis-dap) External (cmsis-dap, esp-bridge, esp-prog, iot-bus-jtag, jlink, minimodule, olimex-arm-usb-ocd, olimex-arm-usb-ocd-h, olimex-arm-usb-tiny-h, olimex-jtag-tiny, tumpa)
PACKAGES: 
 - contrib-piohome @ 3.4.4 
 - framework-arduinoespressif32 @ 3.3.5 
 - framework-arduinoespressif32-libs @ 5.5.0+sha.9bb7aa84fe 
 - tool-dfuutil-arduino @ 1.11.0 
 - tool-esptoolpy @ 5.1.0 
 - tool-mkfatfs @ 2.0.1 
 - tool-mklittlefs @ 3.2.0 
 - tool-mklittlefs4 @ 4.0.2 
 - tool-mkspiffs @ 2.230.0 (2.30) 
 - toolchain-xtensa-esp-elf @ 14.2.0+20251107
LDF: Library Dependency Finder -> https://bit.ly/configure-pio-ldf
LDF Modes: Finder ~ chain, Compatibility ~ soft
Found 44 compatible libraries
Scanning dependencies...
Dependency Graph
|-- NimBLE-Arduino @ 1.4.3
Building in release mode
Compiling .pio/build/beacon/src/beacon.cpp.o
Linking .pio/build/beacon/firmware.elf
                            Memory Type Usage Summary                             
┏━━━━━━━━━━━━━━━━━━━━━┳━━━━━━━━━━━━━━┳━━━━━━━━━━┳━━━━━━━━━━━━━━━━┳━━━━━━━━━━━━━━━┓
┃ Memory Type/Section ┃ Used [bytes] ┃ Used [%] ┃ Remain [bytes] ┃ Total [bytes] ┃
┡━━━━━━━━━━━━━━━━━━━━━╇━━━━━━━━━━━━━━╇━━━━━━━━━━╇━━━━━━━━━━━━━━━━╇━━━━━━━━━━━━━━━┩
│ Flash Code          │       372548 │          │                │               │
│    .text            │       372548 │          │                │               │
│ IRAM                │       113107 │    86.29 │          17965 │        131072 │
│    .text            │       112079 │    85.51 │                │               │
│    .vectors         │         1028 │     0.78 │                │               │
│ Flash Data          │       106744 │          │                │               │
│    .rodata          │       106488 │          │                │               │
│    .appdesc         │          256 │          │                │               │
│ DRAM                │        34056 │    27.34 │          90524 │        124580 │
│    .data            │        20120 │    16.15 │                │               │
│    .bss             │        13936 │    11.19 │                │               │
└─────────────────────┴──────────────┴──────────┴────────────────┴───────────────┘
Retrieving maximum program size .pio/build/beacon/firmware.elf
Checking size .pio/build/beacon/firmware.elf
Advanced Memory Usage is available via "PlatformIO Home > Project Inspect"
RAM:   [=         ]  10.4% (used 34056 bytes from 327680 bytes)
Flash: [=====     ]  46.7% (used 612263 bytes from 1310720 bytes)
Building .pio/build/beacon/firmware.bin
esptool v5.1.0
Creating ESP32 image...
Merged 2 ELF sections.
Successfully created ESP32 image.
Configuring upload protocol...
AVAILABLE: cmsis-dap, esp-bridge, esp-prog, espota, esptool, iot-bus-jtag, jlink, minimodule, olimex-arm-usb-ocd, olimex-arm-usb-ocd-h, olimex-arm-usb-tiny-h, olimex-jtag-tiny, tumpa
CURRENT: upload_protocol = esptool
Looking for upload port...
Auto-detected: /dev/ttyUSB0
Uploading .pio/build/beacon/firmware.bin
esptool v5.1.0
Serial port /dev/ttyUSB0:
Connecting......
Connected to ESP32 on /dev/ttyUSB0:
Chip type:          ESP32-D0WD-V3 (revision v3.1)
Features:           Wi-Fi, BT, Dual Core + LP Core, 240MHz, Vref calibration in eFuse, Coding Scheme None
Crystal frequency:  40MHz
MAC:                44:1d:64:f9:22:38

Uploading stub flasher...
Running stub flasher...
Stub flasher running.
Changing baud rate to 460800...
Changed.

Configuring flash size...
Auto-detected flash size: 4MB
Flash will be erased from 0x00001000 to 0x00006fff...
Flash will be erased from 0x00008000 to 0x00008fff...
Flash will be erased from 0x0000e000 to 0x0000ffff...
Flash will be erased from 0x00010000 to 0x000a5fff...
SHA digest in image updated.
Compressed 23712 bytes to 15182...

Writing at 0x00001000 [░░░░░░░░░░░░░░░░░░░░░░░░░░░░░░]   0.0% 0/15182 bytes... 
Writing at 0x00006ca0 [██████████████████████████████] 100.0% 15182/15182 bytes... 
Wrote 23712 bytes (15182 compressed) at 0x00001000 in 0.7 seconds (286.3 kbit/s).
Hash of data verified.
Compressed 3072 bytes to 146...

Writing at 0x00008000 [░░░░░░░░░░░░░░░░░░░░░░░░░░░░░░]   0.0% 0/146 bytes... 
Writing at 0x00008c00 [██████████████████████████████] 100.0% 146/146 bytes... 
Wrote 3072 bytes (146 compressed) at 0x00008000 in 0.0 seconds (634.5 kbit/s).
Hash of data verified.
Compressed 8192 bytes to 47...

Writing at 0x0000e000 [░░░░░░░░░░░░░░░░░░░░░░░░░░░░░░]   0.0% 0/47 bytes... 
Writing at 0x00010000 [██████████████████████████████] 100.0% 47/47 bytes... 
Wrote 8192 bytes (47 compressed) at 0x0000e000 in 0.1 seconds (819.3 kbit/s).
Hash of data verified.
Compressed 612672 bytes to 374937...

Writing at 0x00010000 [░░░░░░░░░░░░░░░░░░░░░░░░░░░░░░]   0.0% 0/374937 bytes... 
Writing at 0x0001ca87 [█░░░░░░░░░░░░░░░░░░░░░░░░░░░░░]   4.4% 16384/374937 bytes... 
Writing at 0x0002c79b [██░░░░░░░░░░░░░░░░░░░░░░░░░░░░]   8.7% 32768/374937 bytes... 
Writing at 0x00033ce0 [███░░░░░░░░░░░░░░░░░░░░░░░░░░░]  13.1% 49152/374937 bytes... 
Writing at 0x00039325 [█████░░░░░░░░░░░░░░░░░░░░░░░░░]  17.5% 65536/374937 bytes... 
Writing at 0x0003eacb [██████░░░░░░░░░░░░░░░░░░░░░░░░]  21.8% 81920/374937 bytes... 
Writing at 0x000442aa [███████░░░░░░░░░░░░░░░░░░░░░░░]  26.2% 98304/374937 bytes... 
Writing at 0x00049888 [█████████░░░░░░░░░░░░░░░░░░░░░]  30.6% 114688/374937 bytes... 
Writing at 0x0004eb77 [██████████░░░░░░░░░░░░░░░░░░░░]  35.0% 131072/374937 bytes... 
Writing at 0x000542fb [███████████░░░░░░░░░░░░░░░░░░░]  39.3% 147456/374937 bytes... 
Writing at 0x00059c16 [█████████████░░░░░░░░░░░░░░░░░]  43.7% 163840/374937 bytes... 
Writing at 0x0005f7a9 [██████████████░░░░░░░░░░░░░░░░]  48.1% 180224/374937 bytes... 
Writing at 0x000651ce [███████████████░░░░░░░░░░░░░░░]  52.4% 196608/374937 bytes... 
Writing at 0x0006add4 [█████████████████░░░░░░░░░░░░░]  56.8% 212992/374937 bytes... 
Writing at 0x00070781 [██████████████████░░░░░░░░░░░░]  61.2% 229376/374937 bytes... 
Writing at 0x0007620f [███████████████████░░░░░░░░░░░]  65.5% 245760/374937 bytes... 
Writing at 0x0007b9c9 [████████████████████░░░░░░░░░░]  69.9% 262144/374937 bytes... 
Writing at 0x0008407e [██████████████████████░░░░░░░░]  74.3% 278528/374937 bytes... 
Writing at 0x0008a15c [███████████████████████░░░░░░░]  78.7% 294912/374937 bytes... 
Writing at 0x0008fd8b [████████████████████████░░░░░░]  83.0% 311296/374937 bytes... 
Writing at 0x0009528e [██████████████████████████░░░░]  87.4% 327680/374937 bytes... 
Writing at 0x0009ac18 [███████████████████████████░░░]  91.8% 344064/374937 bytes... 
Writing at 0x000a05f6 [████████████████████████████░░]  96.1% 360448/374937 bytes... 
Writing at 0x000a5940 [██████████████████████████████] 100.0% 374937/374937 bytes... 
Wrote 612672 bytes (374937 compressed) at 0x00010000 in 9.4 seconds (521.4 kbit/s).
Hash of data verified.

Hard resetting via RTS pin...
========================= [SUCCESS] Took 21.00 seconds =========================

Environment    Status    Duration
-------------  --------  ------------
beacon         SUCCESS   00:00:21.003
========================= 1 succeeded in 00:00:21.003 =========================
